0 info it worked if it ends with ok
1 verbose cli [ 'node', '/usr/local/bin/npm', 'install', 'jekyll' ]
2 info using npm@2.11.0
3 info using node@v0.12.2
4 verbose config Skipping project config: /Users/Nirb/.npmrc. (matches userconfig)
5 verbose install initial load of /Users/Nirb/package.json
6 verbose installManyTop reading scoped package data from /Users/Nirb/node_modules/10bisjs/package.json
7 verbose installManyTop reading scoped package data from /Users/Nirb/node_modules/cosmos-js/package.json
8 verbose installManyTop reading scoped package data from /Users/Nirb/node_modules/envify/package.json
9 verbose installManyTop reading scoped package data from /Users/Nirb/node_modules/react/package.json
10 verbose installManyTop reading scoped package data from /Users/Nirb/node_modules/react-bootstrap/package.json
11 verbose installManyTop reading scoped package data from /Users/Nirb/node_modules/rome/package.json
12 info package.json 10bisjs@1.0.0 No README data
13 info package.json cosmos-js@0.6.6 No license field.
14 verbose readDependencies loading dependencies from /Users/Nirb/package.json
15 silly cache add args [ 'jekyll', null ]
16 verbose cache add spec jekyll
17 silly cache add parsed spec { raw: 'jekyll',
17 silly cache add   scope: null,
17 silly cache add   name: 'jekyll',
17 silly cache add   rawSpec: '',
17 silly cache add   spec: '*',
17 silly cache add   type: 'range' }
18 silly addNamed jekyll@*
19 verbose addNamed "*" is a valid semver range for jekyll
20 silly addNameRange { name: 'jekyll', range: '*', hasData: false }
21 silly mapToRegistry name jekyll
22 silly mapToRegistry using default registry
23 silly mapToRegistry registry http://registry.npmjs.org/
24 silly mapToRegistry uri http://registry.npmjs.org/jekyll
25 verbose addNameRange registry:http://registry.npmjs.org/jekyll not in flight; fetching
26 verbose request uri http://registry.npmjs.org/jekyll
27 verbose request no auth needed
28 info attempt registry request try #1 at 2:42:44 PM
29 verbose request using bearer token for auth
30 verbose request id 1a32c191d5b04e06
31 http request GET http://registry.npmjs.org/jekyll
32 http 200 http://registry.npmjs.org/jekyll
33 silly get cb [ 200,
33 silly get   { server: 'CouchDB/1.5.0 (Erlang OTP/R16B03)',
33 silly get     etag: '"7TI8NE43ADTNKKRJPAIORF1O7"',
33 silly get     'content-type': 'application/json',
33 silly get     'cache-control': 'max-age=60',
33 silly get     'content-length': '4415',
33 silly get     'accept-ranges': 'bytes',
33 silly get     date: 'Sun, 19 Jul 2015 11:42:44 GMT',
33 silly get     via: '1.1 varnish',
33 silly get     connection: 'keep-alive',
33 silly get     'x-served-by': 'cache-lcy1135-LCY',
33 silly get     'x-cache': 'MISS',
33 silly get     'x-cache-hits': '0',
33 silly get     'x-timer': 'S1437306164.471357,VS0,VE99',
33 silly get     vary: 'Accept' } ]
34 verbose get saving jekyll to /Users/Nirb/.npm/registry.npmjs.org/jekyll/.cache.json
35 silly addNameRange number 2 { name: 'jekyll', range: '*', hasData: true }
36 silly addNameRange versions [ 'jekyll', [ '3.0.0-beta1' ] ]
37 silly addNamed jekyll@3.0.0-beta1
38 verbose addNamed "3.0.0-beta1" is a plain semver version for jekyll
39 silly mapToRegistry name jekyll
40 silly mapToRegistry using default registry
41 silly mapToRegistry registry http://registry.npmjs.org/
42 silly mapToRegistry uri http://registry.npmjs.org/jekyll
43 verbose addRemoteTarball http://registry.npmjs.org/jekyll/-/jekyll-3.0.0-beta1.tgz not in flight; adding
44 verbose addRemoteTarball [ 'http://registry.npmjs.org/jekyll/-/jekyll-3.0.0-beta1.tgz',
44 verbose addRemoteTarball   '32749f03004cff217bf29988f6e4420606479ff9' ]
45 info retry fetch attempt 1 at 2:42:44 PM
46 info attempt registry request try #1 at 2:42:44 PM
47 http fetch GET http://registry.npmjs.org/jekyll/-/jekyll-3.0.0-beta1.tgz
48 verbose request using bearer token for auth
49 http fetch 200 http://registry.npmjs.org/jekyll/-/jekyll-3.0.0-beta1.tgz
50 silly fetchAndShaCheck shasum 32749f03004cff217bf29988f6e4420606479ff9
51 verbose addTmpTarball /var/folders/l8/fhwx82dn6_38fzxc9rqzrcfc0000gn/T/npm-75864-58bb9192/registry.npmjs.org/jekyll/-/jekyll-3.0.0-beta1.tgz not in flight; adding
52 verbose addTmpTarball already have metadata; skipping unpack for jekyll@3.0.0-beta1
53 silly cache afterAdd jekyll@3.0.0-beta1
54 verbose afterAdd /Users/Nirb/.npm/jekyll/3.0.0-beta1/package/package.json not in flight; writing
55 verbose afterAdd /Users/Nirb/.npm/jekyll/3.0.0-beta1/package/package.json written
56 silly install resolved [ { name: 'jekyll',
56 silly install resolved     version: '3.0.0-beta1',
56 silly install resolved     description: 'A blog-aware, static site generator in Ruby',
56 silly install resolved     main: './lib/jekyll.rb',
56 silly install resolved     directories: { test: 'test' },
56 silly install resolved     repository: { type: 'git', url: 'https://github.com/jekyll/jekyll.git' },
56 silly install resolved     keywords: [ 'static', 'site', 'generator' ],
56 silly install resolved     contributors: [ [Object], [Object], [Object] ],
56 silly install resolved     license: 'MIT',
56 silly install resolved     bugs: { url: 'https://github.com/jekyll/jekyll/issues' },
56 silly install resolved     homepage: 'https://github.com/jekyll/jekyll',
56 silly install resolved     gitHead: 'a31ec3a38bd6375b2d91e665dc5ec76812a72bc5',
56 silly install resolved     _id: 'jekyll@3.0.0-beta1',
56 silly install resolved     scripts: {},
56 silly install resolved     _shasum: '32749f03004cff217bf29988f6e4420606479ff9',
56 silly install resolved     _from: 'jekyll@*',
56 silly install resolved     _npmVersion: '2.5.0',
56 silly install resolved     _nodeVersion: '0.12.0',
56 silly install resolved     _npmUser: { name: 'adius', email: 'mail@adriansieber.com' },
56 silly install resolved     maintainers: [ [Object] ],
56 silly install resolved     dist:
56 silly install resolved      { shasum: '32749f03004cff217bf29988f6e4420606479ff9',
56 silly install resolved        tarball: 'http://registry.npmjs.org/jekyll/-/jekyll-3.0.0-beta1.tgz' },
56 silly install resolved     _resolved: 'http://registry.npmjs.org/jekyll/-/jekyll-3.0.0-beta1.tgz' } ]
57 info install jekyll@3.0.0-beta1 into /Users/Nirb
58 info installOne jekyll@3.0.0-beta1
59 verbose installOne of jekyll to /Users/Nirb not in flight; installing
60 verbose lock using /Users/Nirb/.npm/_locks/jekyll-c5d4c57c4b7f3404.lock for /Users/Nirb/node_modules/jekyll
61 silly install write writing jekyll 3.0.0-beta1 to /Users/Nirb/node_modules/jekyll
62 verbose unbuild node_modules/jekyll
63 silly gentlyRm /Users/Nirb/node_modules/jekyll is being purged from base /Users/Nirb
64 verbose gentlyRm don't care about contents; nuking /Users/Nirb/node_modules/jekyll
65 verbose tar unpack /Users/Nirb/.npm/jekyll/3.0.0-beta1/package.tgz
66 verbose tar unpacking to /Users/Nirb/node_modules/jekyll
67 silly gentlyRm /Users/Nirb/node_modules/jekyll is being purged
68 verbose gentlyRm don't care about contents; nuking /Users/Nirb/node_modules/jekyll
69 silly gunzTarPerm modes [ '755', '644' ]
70 silly gunzTarPerm extractEntry package.json
71 silly gunzTarPerm extractEntry .npmignore
72 silly gunzTarPerm extractEntry LICENSE
73 silly gunzTarPerm extractEntry Gemfile
74 silly gunzTarPerm extractEntry History.markdown
75 silly gunzTarPerm extractEntry test/test_kramdown.rb
76 silly gunzTarPerm extractEntry test/fixtures/broken_front_matter1.erb
77 silly gunzTarPerm extractEntry test/fixtures/broken_front_matter2.erb
78 silly gunzTarPerm extractEntry test/fixtures/broken_front_matter3.erb
79 silly gunzTarPerm extractEntry test/fixtures/exploit_front_matter.erb
80 silly gunzTarPerm extractEntry test/fixtures/front_matter.erb
81 silly gunzTarPerm extractEntry test/loader.rb
82 silly gunzTarPerm extractEntry test/source/contacts.html
83 silly gunzTarPerm extractEntry test/source/+/%# +.md
84 silly gunzTarPerm extractEntry test/source/+/foo.md
85 silly gunzTarPerm extractEntry test/source/_config.dev.toml
86 silly gunzTarPerm extractEntry test/source/_data/categories/dairy.yaml
87 silly gunzTarPerm extractEntry test/source/_data/languages.yml
88 silly gunzTarPerm extractEntry test/source/_data/members.json
89 silly gunzTarPerm extractEntry test/source/_data/members.yaml
90 silly gunzTarPerm extractEntry test/source/_drafts/draft-properties.text
91 silly gunzTarPerm extractEntry test/source/_includes/include.html
92 silly gunzTarPerm extractEntry test/source/_includes/params.html
93 silly gunzTarPerm extractEntry test/source/_includes/sig.markdown
94 silly gunzTarPerm extractEntry test/source/_layouts/default.html
95 silly gunzTarPerm extractEntry test/source/_layouts/post/simple.html
96 silly gunzTarPerm extractEntry test/source/_layouts/simple.html
97 silly gunzTarPerm extractEntry test/source/_methods/_do_not_read_me.md
98 silly gunzTarPerm extractEntry test/source/_methods/configuration.md
99 silly gunzTarPerm extractEntry test/source/_methods/escape-+ #%20[].md
100 silly gunzTarPerm extractEntry test/source/_methods/sanitized_path.md
101 silly gunzTarPerm extractEntry test/source/_methods/site/_dont_include_me_either.md
102 silly gunzTarPerm extractEntry test/source/_methods/site/generate.md
103 silly gunzTarPerm extractEntry test/source/_methods/site/initialize.md
104 silly gunzTarPerm extractEntry test/source/_methods/yaml_with_dots.md
105 silly gunzTarPerm extractEntry test/source/_plugins/dummy.rb
106 silly gunzTarPerm extractEntry test/source/_posts/2010-01-16-override-data.textile
107 silly gunzTarPerm extractEntry test/source/_posts/2008-02-02-not-published.textile
108 silly gunzTarPerm extractEntry test/source/_posts/2008-10-18-foo-bar.markdown
109 silly gunzTarPerm extractEntry test/source/_posts/2008-11-21-complex.markdown
110 silly gunzTarPerm extractEntry test/source/_posts/2008-12-03-permalinked-post.textile
111 silly gunzTarPerm extractEntry test/source/_posts/2008-12-13-include.markdown
112 silly gunzTarPerm extractEntry test/source/_posts/2009-01-27-array-categories.textile
113 silly gunzTarPerm extractEntry test/source/_posts/2009-01-27-categories.textile
114 silly gunzTarPerm extractEntry test/source/_posts/2009-01-27-category.textile
115 silly gunzTarPerm extractEntry test/source/_posts/2009-01-27-empty-categories.textile
116 silly gunzTarPerm extractEntry test/source/_posts/2009-01-27-empty-category.textile
117 silly gunzTarPerm extractEntry test/source/_posts/2009-01-27-no-category.textile
118 silly gunzTarPerm extractEntry test/source/_posts/2009-03-12-hash-#1.markdown
119 silly gunzTarPerm extractEntry test/source/_posts/2009-05-18-empty-tag.textile
120 silly gunzTarPerm extractEntry test/source/_posts/2009-05-18-empty-tags.textile
121 silly gunzTarPerm extractEntry test/source/_posts/2009-05-18-tag.textile
122 silly gunzTarPerm extractEntry test/source/_posts/2009-05-18-tags.textile
123 silly gunzTarPerm extractEntry test/source/_posts/2009-06-22-empty-yaml.textile
124 silly gunzTarPerm extractEntry test/source/_posts/2009-06-22-no-yaml.textile
125 silly gunzTarPerm extractEntry test/source/_posts/2010-01-08-triple-dash.markdown
126 silly gunzTarPerm extractEntry test/source/_posts/2010-01-09-date-override.markdown
127 silly gunzTarPerm extractEntry test/source/_posts/2010-01-09-time-override.markdown
128 silly gunzTarPerm extractEntry test/source/_posts/2010-01-09-timezone-override.markdown
129 silly gunzTarPerm extractEntry test/source/_posts/2008-02-02-published.textile
130 silly gunzTarPerm extractEntry test/source/_posts/2011-04-12-md-extension.md
131 silly gunzTarPerm extractEntry test/source/_posts/2011-04-12-text-extension.text
132 silly gunzTarPerm extractEntry test/source/_posts/2013-01-02-post-excerpt.markdown
133 silly gunzTarPerm extractEntry test/source/_posts/2013-01-12-nil-layout.textile
134 silly gunzTarPerm extractEntry test/source/_posts/2013-01-12-no-layout.textile
135 silly gunzTarPerm extractEntry test/source/_posts/2013-03-19-not-a-post.markdown/.gitkeep
136 silly gunzTarPerm extractEntry test/source/_posts/2013-04-11-custom-excerpt.markdown
137 silly gunzTarPerm extractEntry test/source/_posts/2013-05-10-number-category.textile
138 silly gunzTarPerm extractEntry test/source/_posts/2013-07-22-post-excerpt-with-layout.markdown
139 silly gunzTarPerm extractEntry test/source/_posts/2013-08-01-mkdn-extension.mkdn
140 silly gunzTarPerm extractEntry test/source/_posts/2013-12-17-include-variable-filters.markdown
141 silly gunzTarPerm extractEntry test/source/_posts/2013-12-20-properties.text
142 silly gunzTarPerm extractEntry test/source/_posts/2014-01-06-permalink-traversal.md
143 silly gunzTarPerm extractEntry test/source/_posts/2014-03-03-yaml-with-dots.md
144 silly gunzTarPerm extractEntry test/source/_posts/2014-03-22-escape-+ %20[].markdown
145 silly gunzTarPerm extractEntry test/source/_posts/2014-07-05-another-mixed-case-category.markdown
146 silly gunzTarPerm extractEntry test/source/_posts/2014-07-05-mixed-case-category.markdown
147 silly gunzTarPerm extractEntry test/source/_posts/2014-09-02-relative-includes.markdown
148 silly gunzTarPerm extractEntry test/source/_posts/2014-11-24-Rmd-extension.Rmd
149 silly gunzTarPerm extractEntry test/source/_posts/2015-01-08-post-excerpt-separator.markdown
150 silly gunzTarPerm extractEntry test/source/_posts/es/2008-11-21-nested.textile
151 silly gunzTarPerm extractEntry test/source/_posts/include_relative/params.html
152 silly gunzTarPerm extractEntry test/source/_posts/include_relative/rel_include.html
153 silly gunzTarPerm extractEntry test/source/_sass/_grid.scss
154 silly gunzTarPerm extractEntry test/source/_slides/example-slide-1.html
155 silly gunzTarPerm extractEntry test/source/_slides/example-slide-2.html
156 silly gunzTarPerm extractEntry test/source/_slides/example-slide-3.html
157 silly gunzTarPerm extractEntry test/source/_slides/example-slide-4.html
158 silly gunzTarPerm extractEntry test/source/_slides/example-slide-5.html
159 silly gunzTarPerm extractEntry test/source/_slides/non-outputted-slide.html
160 silly gunzTarPerm extractEntry test/source/_slides/octojekyll.png
161 silly gunzTarPerm extractEntry test/source/_with.dots/all.dots/2.4.0.md
162 silly gunzTarPerm extractEntry test/source/_with.dots/file.with.dots.md
163 silly gunzTarPerm extractEntry test/source/about.html
164 silly gunzTarPerm extractEntry test/source/category/_posts/2008-9-23-categories.textile
165 silly gunzTarPerm extractEntry test/source/contacts/bar.html
166 silly gunzTarPerm extractEntry test/source/contacts/index.html
167 silly gunzTarPerm extractEntry test/source/.htaccess
168 silly gunzTarPerm extractEntry test/source/css/main.scss
169 silly gunzTarPerm extractEntry test/source/css/screen.css
170 silly gunzTarPerm extractEntry test/source/deal.with.dots.html
171 silly gunzTarPerm extractEntry test/source/environment.html
172 silly gunzTarPerm extractEntry test/source/exploit.md
173 silly gunzTarPerm extractEntry test/source/foo/_posts/bar/2008-12-12-topical-post.textile
174 silly gunzTarPerm extractEntry test/source/index.html
175 silly gunzTarPerm extractEntry test/source/js/coffeescript.coffee
176 silly gunzTarPerm extractEntry test/source/pgp.key
177 silly gunzTarPerm extractEntry test/source/products.yml
178 silly gunzTarPerm extractEntry test/source/properties.html
179 silly gunzTarPerm extractEntry test/source/sitemap.xml
180 silly gunzTarPerm extractEntry test/source/static_files.html
181 silly gunzTarPerm extractEntry test/source/unpublished.html
182 silly gunzTarPerm extractEntry test/source/win/_posts/2009-05-24-yaml-linebreak.markdown
183 silly gunzTarPerm extractEntry test/source/z_category/_posts/2008-9-23-categories.textile
184 silly gunzTarPerm extractEntry test/suite.rb
185 silly gunzTarPerm extractEntry test/test_cleaner.rb
186 silly gunzTarPerm extractEntry test/test_coffeescript.rb
187 silly gunzTarPerm extractEntry test/test_collections.rb
188 silly gunzTarPerm extractEntry test/test_command.rb
189 silly gunzTarPerm extractEntry test/test_configuration.rb
190 silly gunzTarPerm extractEntry test/test_convertible.rb
191 silly gunzTarPerm extractEntry test/test_document.rb
192 silly gunzTarPerm extractEntry test/test_draft.rb
193 silly gunzTarPerm extractEntry test/test_entry_filter.rb
194 silly gunzTarPerm extractEntry test/test_excerpt.rb
195 silly gunzTarPerm extractEntry test/test_filters.rb
196 silly gunzTarPerm extractEntry test/test_front_matter_defaults.rb
197 silly gunzTarPerm extractEntry test/test_generated_site.rb
198 silly gunzTarPerm extractEntry test/helper.rb
199 silly gunzTarPerm extractEntry test/test_layout_reader.rb
200 silly gunzTarPerm extractEntry test/test_liquid_extensions.rb
201 silly gunzTarPerm extractEntry test/test_log_adapter.rb
202 silly gunzTarPerm extractEntry test/test_new_command.rb
203 silly gunzTarPerm extractEntry test/test_page.rb
204 silly gunzTarPerm extractEntry test/test_path_sanitization.rb
205 silly gunzTarPerm extractEntry test/test_plugin_manager.rb
206 silly gunzTarPerm extractEntry test/test_post.rb
207 silly gunzTarPerm extractEntry test/test_rdiscount.rb
208 silly gunzTarPerm extractEntry test/test_redcarpet.rb
209 silly gunzTarPerm extractEntry test/test_regenerator.rb
210 silly gunzTarPerm extractEntry test/test_related_posts.rb
211 silly gunzTarPerm extractEntry test/test_sass.rb
212 silly gunzTarPerm extractEntry test/test_site.rb
213 silly gunzTarPerm extractEntry test/test_tags.rb
214 silly gunzTarPerm extractEntry test/test_url.rb
215 silly gunzTarPerm extractEntry test/test_utils.rb
216 silly gunzTarPerm extractEntry README.markdown
217 silly gunzTarPerm extractEntry Rakefile
218 silly gunzTarPerm extractEntry .travis.yml
219 silly gunzTarPerm extractEntry bin/jekyll
220 silly gunzTarPerm extractEntry features/pagination.feature
221 silly gunzTarPerm extractEntry features/collections.feature
222 silly gunzTarPerm extractEntry features/data.feature
223 silly gunzTarPerm extractEntry features/drafts.feature
224 silly gunzTarPerm extractEntry features/embed_filters.feature
225 silly gunzTarPerm extractEntry features/frontmatter_defaults.feature
226 silly gunzTarPerm extractEntry features/include_tag.feature
227 silly gunzTarPerm extractEntry features/incremental_rebuild.feature
228 silly gunzTarPerm extractEntry features/markdown.feature
229 silly gunzTarPerm extractEntry features/create_sites.feature
230 silly gunzTarPerm extractEntry features/permalinks.feature
231 silly gunzTarPerm extractEntry features/plugins.feature
232 silly gunzTarPerm extractEntry features/post_data.feature
233 silly gunzTarPerm extractEntry features/post_excerpts.feature
234 silly gunzTarPerm extractEntry features/rendering.feature
235 silly gunzTarPerm extractEntry features/site_configuration.feature
236 silly gunzTarPerm extractEntry features/site_data.feature
237 silly gunzTarPerm extractEntry features/step_definitions/jekyll_steps.rb
238 silly gunzTarPerm extractEntry features/support/env.rb
239 silly gunzTarPerm extractEntry features/support/overview.rb
240 silly gunzTarPerm extractEntry jekyll.gemspec
241 silly gunzTarPerm extractEntry lib/jekyll/layout_reader.rb
242 silly gunzTarPerm extractEntry lib/jekyll/cleaner.rb
243 silly gunzTarPerm extractEntry lib/jekyll/command.rb
244 silly gunzTarPerm extractEntry lib/jekyll/commands/build.rb
245 silly gunzTarPerm extractEntry lib/jekyll/commands/clean.rb
246 silly gunzTarPerm extractEntry lib/jekyll/commands/doctor.rb
247 silly gunzTarPerm extractEntry lib/jekyll/commands/help.rb
248 silly gunzTarPerm extractEntry lib/jekyll/commands/new.rb
249 silly gunzTarPerm extractEntry lib/jekyll/commands/serve.rb
250 silly gunzTarPerm extractEntry lib/jekyll/configuration.rb
251 silly gunzTarPerm extractEntry lib/jekyll/converter.rb
252 silly gunzTarPerm extractEntry lib/jekyll/converters/identity.rb
253 silly gunzTarPerm extractEntry lib/jekyll/converters/markdown/kramdown_parser.rb
254 silly gunzTarPerm extractEntry lib/jekyll/converters/markdown/maruku_parser.rb
255 silly gunzTarPerm extractEntry lib/jekyll/converters/markdown/rdiscount_parser.rb
256 silly gunzTarPerm extractEntry lib/jekyll/converters/markdown/redcarpet_parser.rb
257 silly gunzTarPerm extractEntry lib/jekyll/converters/markdown.rb
258 silly gunzTarPerm extractEntry lib/jekyll/convertible.rb
259 silly gunzTarPerm extractEntry lib/jekyll/deprecator.rb
260 silly gunzTarPerm extractEntry lib/jekyll/document.rb
261 silly gunzTarPerm extractEntry lib/jekyll/draft.rb
262 silly gunzTarPerm extractEntry lib/jekyll/entry_filter.rb
263 silly gunzTarPerm extractEntry lib/jekyll/errors.rb
264 silly gunzTarPerm extractEntry lib/jekyll/excerpt.rb
265 silly gunzTarPerm extractEntry lib/jekyll/external.rb
266 silly gunzTarPerm extractEntry lib/jekyll/filters.rb
267 silly gunzTarPerm extractEntry lib/jekyll/frontmatter_defaults.rb
268 silly gunzTarPerm extractEntry lib/jekyll/generator.rb
269 silly gunzTarPerm extractEntry lib/jekyll/layout.rb
270 silly gunzTarPerm extractEntry lib/jekyll/collection.rb
271 silly gunzTarPerm extractEntry lib/jekyll/liquid_extensions.rb
272 silly gunzTarPerm extractEntry lib/jekyll/log_adapter.rb
273 silly gunzTarPerm extractEntry lib/jekyll/mime.types
274 silly gunzTarPerm extractEntry lib/jekyll/page.rb
275 silly gunzTarPerm extractEntry lib/jekyll/plugin.rb
276 silly gunzTarPerm extractEntry lib/jekyll/plugin_manager.rb
277 silly gunzTarPerm extractEntry lib/jekyll/post.rb
278 silly gunzTarPerm extractEntry lib/jekyll/publisher.rb
279 silly gunzTarPerm extractEntry lib/jekyll/regenerator.rb
280 silly gunzTarPerm extractEntry lib/jekyll/related_posts.rb
281 silly gunzTarPerm extractEntry lib/jekyll/renderer.rb
282 silly gunzTarPerm extractEntry lib/jekyll/site.rb
283 silly gunzTarPerm extractEntry lib/jekyll/static_file.rb
284 silly gunzTarPerm extractEntry lib/jekyll/stevenson.rb
285 silly gunzTarPerm extractEntry lib/jekyll/tags/highlight.rb
286 silly gunzTarPerm extractEntry lib/jekyll/tags/include.rb
287 silly gunzTarPerm extractEntry lib/jekyll/tags/post_url.rb
288 silly gunzTarPerm extractEntry lib/jekyll/url.rb
289 silly gunzTarPerm extractEntry lib/jekyll/utils.rb
290 silly gunzTarPerm extractEntry lib/jekyll/version.rb
291 silly gunzTarPerm extractEntry lib/jekyll.rb
292 silly gunzTarPerm extractEntry lib/site_template/.npmignore
293 silly gunzTarPerm extractEntry lib/site_template/_config.yml
294 silly gunzTarPerm extractEntry lib/site_template/_includes/footer.html
295 silly gunzTarPerm extractEntry lib/site_template/_includes/head.html
296 silly gunzTarPerm extractEntry lib/site_template/_includes/header.html
297 silly gunzTarPerm extractEntry lib/site_template/_layouts/default.html
298 silly gunzTarPerm extractEntry lib/site_template/_layouts/page.html
299 silly gunzTarPerm extractEntry lib/site_template/_layouts/post.html
300 silly gunzTarPerm extractEntry lib/site_template/_posts/0000-00-00-welcome-to-jekyll.markdown.erb
301 silly gunzTarPerm extractEntry lib/site_template/_sass/_base.scss
302 silly gunzTarPerm extractEntry lib/site_template/_sass/_layout.scss
303 silly gunzTarPerm extractEntry lib/site_template/_sass/_syntax-highlighting.scss
304 silly gunzTarPerm extractEntry lib/site_template/about.md
305 silly gunzTarPerm extractEntry lib/site_template/css/main.scss
306 silly gunzTarPerm extractEntry lib/site_template/feed.xml
307 silly gunzTarPerm extractEntry lib/site_template/index.html
308 silly gunzTarPerm extractEntry CONTRIBUTING.markdown
309 silly gunzTarPerm extractEntry script/bootstrap
310 silly gunzTarPerm extractEntry script/branding
311 silly gunzTarPerm extractEntry script/cibuild
312 silly gunzTarPerm extractEntry script/console
313 silly gunzTarPerm extractEntry script/cucumber
314 silly gunzTarPerm extractEntry script/proof
315 silly gunzTarPerm extractEntry script/rebund
316 silly gunzTarPerm extractEntry script/stackprof
317 silly gunzTarPerm extractEntry script/test
318 silly gunzTarPerm extractEntry site/.npmignore
319 silly gunzTarPerm extractEntry site/README.md
320 silly gunzTarPerm extractEntry site/news/index.html
321 silly gunzTarPerm extractEntry site/news/releases/index.html
322 silly gunzTarPerm extractEntry site/_config.yml
323 silly gunzTarPerm extractEntry site/_data/docs.yml
324 silly gunzTarPerm extractEntry site/_docs/pages.md
325 silly gunzTarPerm extractEntry site/_docs/assets.md
326 silly gunzTarPerm extractEntry site/_docs/configuration.md
327 silly gunzTarPerm extractEntry site/_docs/continuous-integration.md
328 silly gunzTarPerm extractEntry site/_docs/contributing.md
329 silly gunzTarPerm extractEntry site/_docs/datafiles.md
330 silly gunzTarPerm extractEntry site/_docs/deployment-methods.md
331 silly gunzTarPerm extractEntry site/_docs/drafts.md
332 silly gunzTarPerm extractEntry site/_docs/extras.md
333 silly gunzTarPerm extractEntry site/_docs/frontmatter.md
334 silly gunzTarPerm extractEntry site/_docs/github-pages.md
335 silly gunzTarPerm extractEntry site/_docs/history.md
336 silly gunzTarPerm extractEntry site/_docs/index.md
337 silly gunzTarPerm extractEntry site/_docs/installation.md
338 silly gunzTarPerm extractEntry site/_docs/migrations.md
339 silly gunzTarPerm extractEntry site/_docs/collections.md
340 silly gunzTarPerm extractEntry site/_docs/pagination.md
341 silly gunzTarPerm extractEntry site/_docs/permalinks.md
342 silly gunzTarPerm extractEntry site/_docs/plugins.md
343 silly gunzTarPerm extractEntry site/_docs/posts.md
344 silly gunzTarPerm extractEntry site/_docs/quickstart.md
345 silly gunzTarPerm extractEntry site/_docs/resources.md
346 silly gunzTarPerm extractEntry site/_docs/sites.md
347 silly gunzTarPerm extractEntry site/_docs/structure.md
348 silly gunzTarPerm extractEntry site/_docs/templates.md
349 silly gunzTarPerm extractEntry site/_docs/troubleshooting.md
350 silly gunzTarPerm extractEntry site/_docs/upgrading.md
351 silly gunzTarPerm extractEntry site/_docs/usage.md
352 silly gunzTarPerm extractEntry site/_docs/variables.md
353 silly gunzTarPerm extractEntry site/_docs/windows.md
354 silly gunzTarPerm extractEntry site/_includes/header.html
355 silly gunzTarPerm extractEntry site/_includes/analytics.html
356 silly gunzTarPerm extractEntry site/_includes/docs_contents.html
357 silly gunzTarPerm extractEntry site/_includes/docs_contents_mobile.html
358 silly gunzTarPerm extractEntry site/_includes/docs_option.html
359 silly gunzTarPerm extractEntry site/_includes/docs_ul.html
360 silly gunzTarPerm extractEntry site/_includes/footer.html
361 silly gunzTarPerm extractEntry site/_includes/anchor_links.html
362 silly gunzTarPerm extractEntry site/_includes/news_contents.html
363 silly gunzTarPerm extractEntry site/_includes/news_contents_mobile.html
364 silly gunzTarPerm extractEntry site/_includes/news_item.html
365 silly gunzTarPerm extractEntry site/_includes/primary-nav-items.html
366 silly gunzTarPerm extractEntry site/_includes/section_nav.html
367 silly gunzTarPerm extractEntry site/_includes/top.html
368 silly gunzTarPerm extractEntry site/_layouts/default.html
369 silly gunzTarPerm extractEntry site/_layouts/docs.html
370 silly gunzTarPerm extractEntry site/_layouts/news.html
371 silly gunzTarPerm extractEntry site/_layouts/news_item.html
372 silly gunzTarPerm extractEntry site/_posts/2014-03-24-jekyll-1-5-0-released.markdown
373 silly gunzTarPerm extractEntry site/_posts/2013-05-06-jekyll-1-0-0-released.markdown
374 silly gunzTarPerm extractEntry site/_posts/2013-05-12-jekyll-1-0-2-released.markdown
375 silly gunzTarPerm extractEntry site/_posts/2013-06-07-jekyll-1-0-3-released.markdown
376 silly gunzTarPerm extractEntry site/_posts/2013-07-14-jekyll-1-1-0-released.markdown
377 silly gunzTarPerm extractEntry site/_posts/2013-07-24-jekyll-1-1-1-released.markdown
378 silly gunzTarPerm extractEntry site/_posts/2013-07-25-jekyll-1-0-4-released.markdown
379 silly gunzTarPerm extractEntry site/_posts/2013-07-25-jekyll-1-1-2-released.markdown
380 silly gunzTarPerm extractEntry site/_posts/2013-09-06-jekyll-1-2-0-released.markdown
381 silly gunzTarPerm extractEntry site/_posts/2013-09-14-jekyll-1-2-1-released.markdown
382 silly gunzTarPerm extractEntry site/_posts/2013-10-28-jekyll-1-3-0-rc1-released.markdown
383 silly gunzTarPerm extractEntry site/_posts/2013-11-04-jekyll-1-3-0-released.markdown
384 silly gunzTarPerm extractEntry site/_posts/2013-11-26-jekyll-1-3-1-released.markdown
385 silly gunzTarPerm extractEntry site/_posts/2013-12-07-jekyll-1-4-0-released.markdown
386 silly gunzTarPerm extractEntry site/_posts/2013-12-09-jekyll-1-4-1-released.markdown
387 silly gunzTarPerm extractEntry site/_posts/2013-12-16-jekyll-1-4-2-released.markdown
388 silly gunzTarPerm extractEntry site/_posts/2014-01-13-jekyll-1-4-3-released.markdown
389 silly gunzTarPerm extractEntry site/_posts/2013-05-08-jekyll-1-0-1-released.markdown
390 silly gunzTarPerm extractEntry site/_posts/2014-03-27-jekyll-1-5-1-released.markdown
391 silly gunzTarPerm extractEntry site/_posts/2014-05-06-jekyll-turns-2-0-0.markdown
392 silly gunzTarPerm extractEntry site/_posts/2014-05-08-jekyll-2-0-3-released.markdown
393 silly gunzTarPerm extractEntry site/_posts/2014-06-04-jekyll-stickers-1-dollar-stickermule.markdown
394 silly gunzTarPerm extractEntry site/_posts/2014-06-28-jekyll-turns-21-i-mean-2-1-0.markdown
395 silly gunzTarPerm extractEntry site/_posts/2014-07-01-jekyll-2-1-1-released.markdown
396 silly gunzTarPerm extractEntry site/_posts/2014-07-29-jekyll-2-2-0-released.markdown
397 silly gunzTarPerm extractEntry site/_posts/2014-08-10-jekyll-2-3-0-released.markdown
398 silly gunzTarPerm extractEntry site/_posts/2014-09-09-jekyll-2-4-0-released.markdown
399 silly gunzTarPerm extractEntry site/_posts/2014-11-06-jekylls-midlife-crisis-jekyll-turns-2-5-0.markdown
400 silly gunzTarPerm extractEntry site/_posts/2014-11-08-jekyll-2-5-1-released.markdown
401 silly gunzTarPerm extractEntry site/_posts/2014-11-12-jekyll-2-5-2-released.markdown
402 silly gunzTarPerm extractEntry site/_posts/2014-12-17-alfredxing-welcome-to-jekyll-core.md
403 silly gunzTarPerm extractEntry site/_posts/2014-12-22-jekyll-2-5-3-released.markdown
404 silly gunzTarPerm extractEntry site/_posts/2015-01-20-jekyll-meet-and-greet.markdown
405 silly gunzTarPerm extractEntry site/_posts/2015-01-24-jekyll-3-0-0-beta1-released.markdown
406 silly gunzTarPerm extractEntry site/_sass/_font-awesome.scss
407 silly gunzTarPerm extractEntry site/_sass/_gridism.scss
408 silly gunzTarPerm extractEntry site/_sass/_mixins.scss
409 silly gunzTarPerm extractEntry site/_sass/_normalize.scss
410 silly gunzTarPerm extractEntry site/_sass/_pygments.scss
411 silly gunzTarPerm extractEntry site/_sass/_style.scss
412 silly gunzTarPerm extractEntry site/CNAME
413 silly gunzTarPerm extractEntry site/favicon.ico
414 silly gunzTarPerm extractEntry site/feed.xml
415 silly gunzTarPerm extractEntry site/fonts/fontawesome-webfont.eot
416 silly gunzTarPerm extractEntry site/fonts/fontawesome-webfont.svg
417 silly gunzTarPerm extractEntry site/fonts/fontawesome-webfont.ttf
418 silly gunzTarPerm extractEntry site/fonts/fontawesome-webfont.woff
419 silly gunzTarPerm extractEntry site/freenode.txt
420 silly gunzTarPerm extractEntry site/img/article-footer.png
421 silly gunzTarPerm extractEntry site/img/footer-arrow.png
422 silly gunzTarPerm extractEntry site/img/footer-logo.png
423 silly gunzTarPerm extractEntry site/img/jekyll-sticker.jpg
424 silly gunzTarPerm extractEntry site/img/logo-2x.png
425 silly gunzTarPerm extractEntry site/img/logo-rss.png
426 silly gunzTarPerm extractEntry site/img/octojekyll.png
427 silly gunzTarPerm extractEntry site/index.html
428 silly gunzTarPerm extractEntry site/js/html5shiv.min.js
429 silly gunzTarPerm extractEntry site/js/respond.min.js
430 silly gunzTarPerm extractEntry site/latest_version.txt
431 silly gunzTarPerm extractEntry site/css/screen.scss
432 silly gunzTarPerm extractEntry benchmark/flat-map
433 silly gunzTarPerm extractEntry benchmark/hash-fetch
434 silly gunzTarPerm extractEntry benchmark/jekyll-sanitize-path
435 silly gunzTarPerm extractEntry benchmark/proc-call-vs-yield
436 silly gunzTarPerm extractEntry benchmark/sequential-assignment
437 silly gunzTarPerm extractEntry benchmark/string-concat
438 silly gunzTarPerm extractEntry benchmark/string-replacement
439 silly gunzTarPerm extractEntry benchmark/symbol-to-proc
440 verbose write writing to /Users/Nirb/node_modules/jekyll/package.json
441 info preinstall jekyll@3.0.0-beta1
442 verbose readDependencies loading dependencies from /Users/Nirb/node_modules/jekyll/package.json
443 verbose readDependencies loading dependencies from /Users/Nirb/node_modules/jekyll/package.json
444 silly install resolved []
445 verbose about to build /Users/Nirb/node_modules/jekyll
446 info build /Users/Nirb/node_modules/jekyll
447 info linkStuff jekyll@3.0.0-beta1
448 silly linkStuff jekyll@3.0.0-beta1 has /Users/Nirb/node_modules as its parent node_modules
449 verbose linkBins jekyll@3.0.0-beta1
450 verbose linkMans jekyll@3.0.0-beta1
451 verbose rebuildBundles jekyll@3.0.0-beta1
452 info install jekyll@3.0.0-beta1
453 info postinstall jekyll@3.0.0-beta1
454 verbose unlock done using /Users/Nirb/.npm/_locks/jekyll-c5d4c57c4b7f3404.lock for /Users/Nirb/node_modules/jekyll
455 verbose validateInstall loading /Users/Nirb/package.json for validation
456 verbose stack Error: The package react does not satisfy its siblings' peerDependencies requirements!
456 verbose stack     at /usr/local/lib/node_modules/npm/lib/install.js:125:32
456 verbose stack     at /usr/local/lib/node_modules/npm/lib/install.js:267:7
456 verbose stack     at /usr/local/lib/node_modules/npm/node_modules/read-installed/read-installed.js:138:5
456 verbose stack     at /usr/local/lib/node_modules/npm/node_modules/read-installed/read-installed.js:251:14
456 verbose stack     at cb (/usr/local/lib/node_modules/npm/node_modules/slide/lib/async-map.js:47:24)
456 verbose stack     at /usr/local/lib/node_modules/npm/node_modules/read-installed/read-installed.js:251:14
456 verbose stack     at cb (/usr/local/lib/node_modules/npm/node_modules/slide/lib/async-map.js:47:24)
456 verbose stack     at /usr/local/lib/node_modules/npm/node_modules/read-installed/read-installed.js:251:14
456 verbose stack     at cb (/usr/local/lib/node_modules/npm/node_modules/slide/lib/async-map.js:47:24)
456 verbose stack     at /usr/local/lib/node_modules/npm/node_modules/read-installed/read-installed.js:251:14
457 verbose cwd /Users/Nirb/Documents/Repos/NirBenita.github.io
458 error Darwin 14.4.0
459 error argv "node" "/usr/local/bin/npm" "install" "jekyll"
460 error node v0.12.2
461 error npm  v2.11.0
462 error code EPEERINVALID
463 error peerinvalid The package react does not satisfy its siblings' peerDependencies requirements!
463 error peerinvalid Peer cosmos-js@0.6.6 wants react@^0.13.1
463 error peerinvalid Peer react-bootstrap@0.13.2 wants react@>=0.12
464 verbose exit [ 1, true ]
